#! FIELDS Id atom_i atom_j mu sigma
#! SET model lognormal
1 7 67 -0.320907 0.268035
2 7 86 -0.228300 0.298040
3 24 86 -0.359068 0.174432
4 24 108 -0.067064 0.074948
5 39 108 -0.432000 0.102050
6 50 132 -0.434579 0.090892
7 67 143 -0.412576 0.126715
8 86 165 -0.167598 0.316962
9 108 187 -0.272075 0.363887
10 108 201 0.012421 0.192680
11 165 1193 -0.350600 0.416942
12 187 241 -0.356477 0.254119
13 187 1193 -0.413433 0.441111
14 187 2890 -0.298063 0.411244
15 187 2943 -0.039645 0.273150
16 201 2943 -0.100835 0.114738
17 212 271 -0.292258 0.051449
18 231 1139 -0.970239 0.045293
19 231 1148 -0.976142 0.050923
20 231 2943 -0.170159 0.028309
21 231 2967 -0.589229 0.048331
22 231 3014 -0.367267 0.045135
23 241 2890 -0.173748 0.038364
24 241 2943 -0.537835 0.035111
25 241 2967 -0.364802 0.033351
26 241 3014 -0.478567 0.047225
27 271 326 -0.881860 0.042940
28 271 343 -0.776967 0.043225
29 271 1139 -0.501791 0.030456
30 271 3014 -0.391225 0.037534
31 290 343 -0.371862 0.020617
32 304 3069 -0.496952 0.038959
33 304 3081 -0.797848 0.042070
34 304 3133 -0.988631 0.043266
35 314 376 -0.450270 0.028883
36 314 3133 -0.264009 0.029876
37 314 3196 -0.092994 0.036190
38 326 387 -0.474952 0.023794
39 343 397 -0.443444 0.022476
40 343 1139 -0.460041 0.030995
41 343 2458 -0.217394 0.022617
42 343 3014 -0.441676 0.037648
43 343 3036 -0.382552 0.026637
44 343 3069 -0.201823 0.024144
45 343 3081 -0.789251 0.032516
46 343 3133 -0.154243 0.021985
47 360 416 -0.490738 0.023237
48 360 2392 -0.644314 0.039699
49 360 3081 -0.490089 0.024206
50 360 3133 -0.208523 0.027732
51 360 3150 -0.362738 0.028016
52 376 435 -0.494444 0.028739
53 387 1096 -0.318254 0.029807
54 387 1139 -0.618013 0.036378
55 397 457 -0.297336 0.023715
56 397 1040 -0.057359 0.020013
57 397 1096 -0.181545 0.024160
58 397 1120 -0.358701 0.025474
59 397 1139 -0.286263 0.025556
60 397 2422 -0.086756 0.017276
61 397 2442 -0.951067 0.038736
62 397 2458 -0.425879 0.023957
63 397 2488 -0.242161 0.021057
64 397 2510 -0.534396 0.028824
65 416 2392 -0.355354 0.030870
66 416 2422 -0.039491 0.021102
67 416 2442 -0.551234 0.030350
68 435 1096 -0.303861 0.032728
69 447 1040 -0.615668 0.034394
70 447 1096 -0.998112 0.043373
71 457 1040 -0.348361 0.027184
72 457 1096 -0.095661 0.021371
73 457 1584 0.021478 0.021566
74 457 2422 -0.102679 0.023674
75 457 2442 -0.472018 0.028871
76 457 2488 -0.146407 0.022964
77 475 923 -0.318514 0.028328
78 475 973 -0.912074 0.042509
79 475 990 -0.428954 0.033519
80 475 1026 -0.331400 0.032015
81 475 1040 -0.742328 0.044986
82 475 1096 -0.057835 0.024815
83 489 973 -0.449592 0.037562
84 489 1040 -0.027024 0.020952
85 500 1584 0.033459 0.026927
86 500 1608 -0.375626 0.038505
87 500 1806 -0.439469 0.033187
88 519 858 -0.456116 0.029473
89 519 899 -0.580853 0.031003
90 519 923 -0.508644 0.031874
91 519 973 -0.302416 0.026260
92 519 1773 -0.082233 0.022043
93 519 1793 -0.501713 0.031212
94 538 858 -0.160271 0.023310
95 538 899 -0.056241 0.022067
96 538 1773 -0.014827 0.019899
97 538 1793 -0.653425 0.033767
98 538 1806 -0.525417 0.035895
99 538 1817 -0.626541 0.043100
100 538 1831 -0.239076 0.023938
101 559 792 -0.603255 0.039482
102 559 858 -0.635698 0.043380
103 559 899 -0.069471 0.025013
104 559 1773 -0.465074 0.029812
105 559 1793 -0.907580 0.045196
106 559 1817 -0.586320 0.033205
107 559 1831 -0.925248 0.046552
108 570 646 0.066185 0.056886
109 570 792 -0.440452 0.043929
110 570 844 -0.537551 0.052345
111 570 858 -0.245313 0.034004
112 570 899 -0.079827 0.032789
113 585 646 -0.143885 0.047578
114 585 684 -0.059045 0.034234
115 585 740 -0.088200 0.039929
116 585 751 -0.042527 0.032649
117 585 792 -0.566566 0.036850
118 585 844 -0.037598 0.027015
119 585 858 -0.107024 0.026151
120 585 1773 -0.133561 0.023777
121 585 1793 -0.319540 0.033019
122 585 1817 -0.627643 0.047416
123 585 1831 -0.719074 0.047262
124 585 1850 -0.044519 0.027719
125 646 740 -0.412428 0.069186
126 684 740 -0.526296 0.054727
127 684 751 -0.689081 0.062953
128 684 768 0.001579 0.028024
129 684 792 -0.151489 0.029605
130 684 1869 -0.100434 0.039898
131 684 1938 -0.434035 0.065381
132 684 1984 -0.706827 0.084481
133 684 1995 -0.121172 0.036845
134 704 751 -0.405089 0.030032
135 715 768 -0.465314 0.031437
136 715 1984 -0.529116 0.055369
137 715 1995 -0.680643 0.045211
138 715 2011 -0.398899 0.047908
139 715 2033 -0.126466 0.028584
140 715 3796 -0.149378 0.037843
141 715 3846 -0.071724 0.036796
142 715 3882 -0.529729 0.047470
143 730 3882 -0.583480 0.050609
144 740 792 -0.426347 0.028793
145 751 811 -0.444635 0.026131
146 751 1869 -0.181890 0.035420
147 751 1938 -0.278787 0.040558
148 751 1984 -0.684957 0.086643
149 751 1995 -0.615670 0.041666
150 751 2033 -0.235977 0.037542
151 768 830 -0.533206 0.025634
152 768 1995 -0.528654 0.033993
153 768 2033 -0.182265 0.028911
154 768 3745 -0.136232 0.028216
155 768 3796 -0.568508 0.041235
156 768 3882 -0.631962 0.039812
157 768 3898 -0.881100 0.065002
158 783 844 -0.599780 0.027349
159 783 3898 -0.749291 0.053985
160 792 858 -0.455443 0.026236
161 792 1773 -0.248868 0.025461
162 792 1831 -0.421371 0.031493
163 811 877 -0.474443 0.023560
164 811 1773 -0.405451 0.031959
165 811 1831 -0.170504 0.024716
166 811 2033 -0.142024 0.029121
167 830 887 -0.470327 0.026533
168 830 3796 -0.204181 0.031886
169 830 3898 -0.576585 0.050854
170 830 3928 -0.537795 0.042465
171 830 3947 -0.363715 0.047189
172 830 3999 -0.486917 0.035741
173 844 899 -0.401941 0.027892
174 844 3947 -0.273237 0.035656
175 858 923 -0.485043 0.024676
176 858 1773 -0.495118 0.028388
177 858 1793 -0.492464 0.029513
178 858 1831 -0.308587 0.026913
179 877 938 -0.454091 0.028922
180 877 1410 -0.139072 0.022548
181 877 1487 -0.506139 0.029880
182 877 3947 -0.150749 0.034473
183 877 3999 -0.456968 0.044179
184 887 3947 -0.859364 0.058605
185 887 3980 -0.525377 0.043154
186 887 3999 -0.699497 0.084721
187 899 973 -0.320310 0.031659
188 899 990 -0.018385 0.015450
189 899 3947 -0.109466 0.028234
190 899 3980 -0.034621 0.027244
191 923 990 -0.520805 0.026263
192 923 1040 -0.038758 0.016225
193 923 1410 -0.089434 0.021902
194 923 1487 -0.499556 0.031941
195 938 1007 -0.418382 0.028375
196 938 1040 0.021884 0.015206
197 938 1410 -0.463097 0.028382
198 938 1487 -0.237115 0.029533
199 938 3947 -0.145351 0.028061
200 938 3980 -0.566804 0.041101
201 938 3999 -0.379168 0.050998
202 938 4052 -0.379686 0.033605
203 957 1026 -0.348962 0.034727
204 957 1040 -0.017354 0.015732
205 957 3980 -0.292467 0.034408
206 957 8611 -0.389731 0.036702
207 973 1040 -0.487578 0.024234
208 990 1064 -0.474486 0.023207
209 990 1355 -0.300745 0.025837
210 990 1410 -0.431027 0.028495
211 990 1468 -0.524790 0.028611
212 990 1487 -0.294759 0.024760
213 990 2559 -0.113424 0.019265
214 1007 1074 -0.369666 0.029181
215 1007 1355 -0.392892 0.027710
216 1007 1410 -0.111484 0.025005
217 1007 8551 -0.359449 0.033352
218 1007 8611 -0.748073 0.041362
219 1007 8630 -0.475842 0.030987
220 1026 1096 -0.350347 0.030060
221 1026 8689 -0.262153 0.367753
222 1040 1120 -0.352015 0.021713
223 1040 1157 -0.066110 0.015551
224 1040 1355 0.015178 0.017640
225 1040 1410 0.103618 0.019383
226 1040 1468 -0.180371 0.020583
227 1040 2442 -0.029643 0.017328
228 1040 2488 -0.166479 0.021038
229 1040 2510 -0.068191 0.019283
230 1040 2559 -0.146060 0.018205
231 1064 1157 -0.607146 0.030932
232 1064 1286 -0.327651 0.020893
233 1064 1355 -0.518901 0.028213
234 1064 2559 -0.517053 0.026312
235 1074 1157 -0.444079 0.028524
236 1074 1177 -0.594742 0.035067
237 1074 1286 -0.205320 0.024088
238 1074 8630 -0.357100 0.036755
239 1074 8666 -0.095751 0.058894
240 1096 1157 -0.256948 0.019695
241 1096 1177 -0.180462 0.021858
242 1120 2510 -0.669644 0.034913
243 1120 2559 -0.495251 0.028511
244 1120 2578 -0.279267 0.024573
245 1139 2967 -0.432099 0.034578
246 1139 3014 -0.280718 0.032665
247 1148 2890 -0.328590 0.028943
248 1148 2943 -0.091420 0.023462
249 1148 2967 -0.646204 0.036581
250 1157 1286 -0.416077 0.024301
251 1157 1336 -0.280026 0.023789
252 1157 1355 -0.076294 0.019030
253 1157 2510 -0.170392 0.021526
254 1157 2559 -0.359077 0.025997
255 1157 2578 -0.304056 0.027180
256 1157 2907 -0.095185 0.021899
257 1157 2967 -0.206107 0.023176
258 1157 8630 -0.022567 0.023246
259 1177 1286 -0.295371 0.026498
260 1193 2841 -0.133501 0.045398
261 1193 2890 -0.474497 0.045363
262 1205 1274 -0.882701 0.045679
263 1205 1286 -0.662735 0.030752
264 1205 1336 -0.314777 0.022052
265 1205 2841 -0.533016 0.064708
266 1205 2890 -0.345734 0.036412
267 1205 2907 -0.303300 0.022768
268 1224 1286 -0.364602 0.021437
269 1224 2774 -0.289149 0.074871
270 1224 2841 -0.410172 0.051209
271 1238 1303 -0.450669 0.028489
272 1238 8570 -0.401588 0.058248
273 1238 8630 -0.477384 0.037333
274 1238 8649 -0.368423 0.048198
275 1257 1319 -0.439090 0.028166
276 1257 2680 -0.084816 0.051274
277 1257 2841 -0.071716 0.045447
278 1257 8493 -0.083847 0.065513
279 1257 8570 -0.103264 0.051621
280 1274 1336 -0.454087 0.027977
281 1274 2680 -0.370408 0.064406
282 1274 2841 -0.618377 0.065153
283 1274 2856 -0.104154 0.033646
284 1286 1355 -0.429340 0.023656
285 1286 8570 -0.103764 0.037097
286 1286 8630 -0.596812 0.038710
287 1303 1374 -0.493761 0.026148
288 1303 8493 -0.596210 0.079398
289 1303 8551 -0.577915 0.041102
290 1303 8570 -0.488935 0.066633
291 1303 8630 -0.409158 0.031863
292 1319 1389 -0.440709 0.025669
293 1319 2620 -0.446012 0.030767
294 1319 2666 -0.299894 0.031355
295 1319 2680 -0.414718 0.050650
296 1319 2700 -0.216520 0.150107
297 1319 8493 -0.057238 0.051287
298 1336 1400 -0.514853 0.025984
299 1336 1410 -0.060224 0.015837
300 1336 2559 -0.516211 0.026417
301 1336 2578 -0.412218 0.025124
302 1336 2611 -0.327184 0.027971
303 1336 2620 -0.579547 0.036949
304 1336 2629 -0.288134 0.033207
305 1336 2680 -0.088740 0.032910
306 1336 2907 -0.207549 0.023238
307 1355 1410 -0.578505 0.028011
308 1355 2559 -0.297783 0.021039
309 1355 4052 -0.228953 0.031082
310 1355 8551 -0.419278 0.031151
311 1355 8630 -0.245154 0.025485
312 1374 4037 -0.183946 0.050195
313 1374 4052 -0.466450 0.044917
314 1374 4100 -0.945522 0.055488
315 1374 4110 -0.310519 0.061295
316 1374 8493 -0.244633 0.070902
317 1374 8551 -0.305392 0.037249
318 1389 2611 -0.788005 0.051400
319 1389 2620 -0.973179 0.042733
320 1389 2645 -0.058037 0.027253
321 1389 2666 -0.443160 0.046855
322 1389 4110 -0.205006 0.065671
323 1389 7840 -0.167313 0.026731
324 1400 1468 -0.619574 0.028076
325 1400 2540 -0.639849 0.028296
326 1400 2559 -0.677434 0.035720
327 1400 2611 -0.905461 0.046010
328 1400 3584 -0.069843 0.023187
329 1410 1487 -0.426382 0.022184
330 1410 1506 -0.027140 0.013536
331 1410 2540 -0.017002 0.016467
332 1410 2559 -0.087044 0.020411
333 1410 2611 -0.073086 0.019496
334 1410 3642 -0.142574 0.020211
335 1410 3696 -0.037932 0.021660
336 1410 3980 -0.033724 0.023699
337 1410 3999 -0.091499 0.026710
338 1410 4037 0.021498 0.025902
339 1410 4052 -0.630255 0.042138
340 1410 4069 -0.056339 0.029326
341 1410 4100 -0.125771 0.032957
342 1410 4110 -0.052928 0.057741
343 1410 8551 -0.080041 0.026224
344 1434 1506 -0.483136 0.021993
345 1434 3584 -0.022076 0.019750
346 1434 3625 -0.186415 0.022986
347 1434 3642 -0.803917 0.043361
348 1434 3687 -0.441871 0.026714
349 1434 3696 -0.525515 0.033707
350 1434 3745 -0.240178 0.025779
351 1434 4052 -0.240414 0.027455
352 1453 1523 -0.458780 0.023562
353 1453 2488 -0.131102 0.019573
354 1453 2540 -0.720938 0.029174
355 1453 2611 -0.531801 0.027499
356 1453 3565 -0.643263 0.029518
357 1453 3584 -0.444913 0.028705
358 1453 3625 -0.256401 0.023944
359 1453 3642 -0.823491 0.036598
360 1468 2488 -0.493724 0.025507
361 1468 2540 -0.544899 0.026350
362 1468 2559 -0.451882 0.024544
363 1487 1549 -0.466663 0.022892
364 1487 1773 -0.029433 0.019735
365 1506 1568 -0.471023 0.022836
366 1506 1584 -0.037726 0.012930
367 1506 2081 -0.119749 0.026834
368 1506 2132 -0.107768 0.022603
369 1506 2149 -0.428212 0.024544
370 1506 2197 -0.243239 0.021400
371 1506 3565 -0.520203 0.030793
372 1506 3584 -0.033572 0.018361
373 1506 3625 -0.589908 0.033693
374 1506 3642 -0.498392 0.033963
375 1523 1584 -0.472483 0.022147
376 1523 2257 -0.113429 0.018661
377 1523 2422 -0.290676 0.024926
378 1523 2469 -0.447731 0.025385
379 1523 2488 -0.569411 0.031700
380 1523 2540 -0.442891 0.023944
381 1523 3565 -0.552024 0.031192
382 1540 1608 -0.520248 0.026677
383 1540 2422 -0.255954 0.020342
384 1540 2488 -0.353608 0.025183
385 1549 1632 -0.487294 0.022299
386 1549 1735 -0.476003 0.025240
387 1549 1754 -0.323377 0.024049
388 1549 1773 -0.435156 0.024346
389 1549 2149 -0.439802 0.025535
390 1568 1643 -0.335561 0.031689
391 1568 2149 -0.499461 0.030943
392 1568 2197 -0.742186 0.032641
393 1568 2211 -0.753332 0.038701
394 1568 2233 -0.145326 0.021507
395 1568 2257 -0.521475 0.031161
396 1568 2422 -0.093189 0.023512
397 1584 1660 -0.024495 0.024745
398 1584 1754 -0.079633 0.019591
399 1584 2197 -0.036646 0.017937
400 1584 2211 -0.221655 0.026803
401 1584 2257 -0.387476 0.028936
402 1584 2277 0.028980 0.022050
403 1584 2349 -0.305889 0.028450
404 1584 2383 -0.280457 0.024960
405 1584 2407 -0.012150 0.018404
406 1584 2422 -0.666877 0.035667
407 1584 2442 -0.074444 0.019024
408 1584 2469 -0.115299 0.020414
409 1584 2488 -0.197170 0.023794
410 1608 1675 -0.224511 0.029684
411 1608 1713 0.023077 0.024373
412 1608 1735 -0.194218 0.031347
413 1608 1754 -0.823971 0.047470
414 1608 1773 -0.222385 0.031769
415 1608 1793 -0.153249 0.027806
416 1608 1806 -0.128714 0.029200
417 1608 1850 -0.029176 0.027441
418 1608 2211 -0.138811 0.024473
419 1608 2257 0.034144 0.018416
420 1608 2277 0.181377 0.021494
421 1608 2422 0.002535 0.019754
422 1632 1713 -0.444622 0.026233
423 1632 1735 -0.701520 0.029895
424 1632 1754 -0.776587 0.037124
425 1632 2211 -0.831662 0.049553
426 1632 2257 -0.169689 0.023987
427 1632 2277 -0.108453 0.029413
428 1643 1754 -0.129050 0.020438
429 1643 2211 -0.587688 0.051175
430 1643 2233 -0.036339 0.025951
431 1643 2257 -0.676585 0.047663
432 1643 2277 -0.692279 0.063470
433 1643 2349 -0.367641 0.034735
434 1643 2422 -0.090507 0.027796
435 1660 1713 -0.035672 0.022059
436 1660 2277 -0.266328 0.045064
437 1675 1735 -0.280924 0.025360
438 1675 1754 -0.631356 0.038184
439 1675 1850 -0.429581 0.032455
440 1675 2211 -0.241042 0.027990
441 1675 2277 -0.049616 0.027966
442 1695 2277 -0.313272 0.044760
443 1704 1900 -0.371343 0.054617
444 1704 2168 -0.611300 0.039142
445 1713 1850 -0.635481 0.033032
446 1713 1869 -0.439844 0.029225
447 1713 1888 -0.674933 0.052766
448 1713 1900 -0.179941 0.036016
449 1713 1938 -0.098171 0.031952
450 1713 2168 -0.237996 0.022875
451 1713 2211 -0.133900 0.024266
452 1735 1850 -0.324439 0.022344
453 1735 1869 -0.672647 0.042864
454 1735 1900 -0.166323 0.034046
455 1735 2100 -0.427450 0.028844
456 1735 2149 -0.534683 0.025101
457 1735 2168 -0.408432 0.025509
458 1754 1831 -0.272307 0.024006
459 1754 1850 -0.612967 0.038717
460 1754 1869 -0.188651 0.020868
461 1773 1831 -0.827059 0.038027
462 1773 1850 -0.304206 0.023762
463 1773 1869 -0.443895 0.029913
464 1869 1938 -0.816427 0.054150
465 1869 1953 -0.451570 0.042567
466 1869 2100 -0.278893 0.025790
467 1888 2100 -0.164325 0.033437
468 1900 1962 -0.264725 0.048091
469 1900 2033 -0.012565 0.037053
470 1900 2050 -0.451654 0.052605
471 1900 2066 0.025864 0.036648
472 1900 2100 -0.650035 0.064872
473 1900 2120 -0.412119 0.044817
474 1900 2149 -0.047650 0.033867
475 1900 2168 -0.451561 0.047399
476 1924 2100 -0.087748 0.030070
477 1938 2033 -0.085595 0.033340
478 1938 2100 -0.182552 0.038615
479 1953 2033 -0.714305 0.058821
480 1953 2050 -0.694315 0.076026
481 1953 2100 -0.665480 0.057860
482 1962 2033 -0.283653 0.032399
483 1962 2050 -0.701128 0.060147
484 1962 2100 -0.153860 0.029462
485 1984 2033 -0.290632 0.037839
486 1995 3796 -0.266726 0.033182
487 2011 3728 -0.133356 0.027009
488 2011 3796 -0.183973 0.046840
489 2011 3846 -0.197293 0.048803
490 2024 3728 -0.465371 0.037585
491 2024 8383 -0.199820 0.452859
492 2033 2100 -0.493325 0.031659
493 2033 3728 -0.413808 0.041143
494 2033 3796 -0.111855 0.030757
495 2050 2120 -0.446076 0.029582
496 2066 2132 -0.375090 0.031358
497 2066 3667 -0.342015 0.043192
498 2066 3728 -0.179542 0.039337
499 2066 8359 -0.004811 0.100005
500 2066 8383 -0.420035 0.429646
501 2066 8402 -0.323993 0.391088
502 2081 2149 -0.454551 0.025584
503 2081 3625 -0.411885 0.045838
504 2081 3667 -0.538496 0.047778
505 2081 3687 -0.600800 0.043771
506 2081 3728 -0.488691 0.036749
507 2081 8383 -0.000486 0.355859
508 2100 2168 -0.498303 0.027836
509 2120 2187 -0.462396 0.025876
510 2120 6877 -0.051140 0.044474
511 2132 2197 -0.438844 0.025752
512 2132 3548 -0.300945 0.029940
513 2132 3608 -0.282239 0.027046
514 2132 3625 -0.712367 0.038744
515 2132 3667 -0.328368 0.034282
516 2132 6877 -0.407334 0.061194
517 2132 6898 -0.459254 0.056631
518 2149 2211 -0.442097 0.026096
519 2149 3625 -0.416263 0.030156
520 2168 2222 -0.442910 0.026541
521 2187 2233 -0.427009 0.025469
522 2187 6877 -0.735711 0.076592
523 2187 6912 -0.218831 0.057175
524 2197 2257 -0.426196 0.024806
525 2197 2277 -0.024850 0.016166
526 2197 3499 -0.394010 0.029953
527 2197 3548 -0.443637 0.032371
528 2197 3565 -0.380580 0.026478
529 2197 3625 -0.337616 0.024723
530 2197 6877 -0.475096 0.047247
531 2211 2277 -0.443851 0.028940
532 2222 2301 -0.460811 0.028426
533 2222 6877 -0.117200 0.040867
534 2233 2318 -0.460494 0.025904
535 2233 2349 -0.166524 0.020276
536 2233 3425 -0.130682 0.023240
537 2233 3499 -0.452209 0.036687
538 2233 3548 -0.181062 0.025847
539 2233 6861 -0.106026 0.034296
540 2233 6877 -0.423169 0.047905
541 2233 7088 -0.080436 0.046648
542 2233 7158 -0.048093 0.036464
543 2257 2335 -0.190671 0.019531
544 2257 2349 -0.851611 0.038648
545 2257 2407 -0.064779 0.018898
546 2257 2422 -0.209201 0.024646
547 2257 2469 -0.030028 0.018872
548 2257 3442 -0.041916 0.020479
549 2257 3499 -0.236728 0.023995
550 2257 6877 0.094996 0.028043
551 2277 2349 -0.280632 0.023559
552 2318 2407 -0.131188 0.020441
553 2318 3372 -0.251879 0.025138
554 2318 3425 -0.421647 0.029309
555 2318 3442 -0.266990 0.027985
556 2318 3499 -0.153286 0.024384
557 2349 2407 -0.593929 0.027145
558 2349 2422 -0.526896 0.028106
559 2349 2469 -0.201598 0.020675
560 2349 3442 -0.260616 0.023176
561 2368 2422 -0.370541 0.020292
562 2368 3150 -0.337333 0.028287
563 2368 3372 0.042672 0.022021
564 2392 2458 -0.381084 0.024044
565 2392 3150 -0.648062 0.031503
566 2392 3196 -0.082107 0.030220
567 2407 2469 -0.464359 0.023096
568 2407 2488 -0.030842 0.014157
569 2407 3095 -0.420679 0.025074
570 2407 3150 -0.468265 0.031247
571 2407 3169 -0.191280 0.024060
572 2407 3372 -0.139797 0.019101
573 2407 3442 -0.436306 0.025199
574 2422 2488 -0.453380 0.024844
575 2422 3442 -0.039881 0.017467
576 2442 2510 -0.435936 0.024593
577 2458 2521 -0.454239 0.022520
578 2458 3036 -0.627122 0.027300
579 2458 3081 -0.528657 0.027180
580 2458 3095 -0.654390 0.028176
581 2458 3150 -0.291660 0.022354
582 2469 2540 -0.422535 0.020970
583 2469 3095 -0.186611 0.019793
584 2469 3442 -0.480978 0.021902
585 2469 3461 -0.208520 0.020454
586 2469 3499 -0.238082 0.026734
587 2469 3518 -0.370193 0.025591
588 2488 2559 -0.385797 0.022445
589 2510 2578 -0.443868 0.026274
590 2510 3036 -0.549592 0.028804
591 2521 2597 -0.621350 0.027289
592 2521 2983 -0.451563 0.023462
593 2521 3036 -0.556646 0.027342
594 2521 3461 -0.280534 0.020491
595 2521 3518 -0.380375 0.021848
596 2521 7712 -0.353777 0.022358
597 2540 2611 -0.587159 0.029552
598 2540 3518 -0.458795 0.026398
599 2540 3565 -0.366887 0.022772
600 2540 3584 -0.181352 0.021759
601 2578 2629 -0.410769 0.036729
602 2578 2907 -0.651112 0.029717
603 2578 2967 -0.498142 0.027222
604 2578 2983 -0.595344 0.027550
605 2578 3036 -0.257787 0.020458
606 2597 2645 -0.157407 0.031376
607 2597 2983 -0.461283 0.025685
608 2597 3518 -0.294255 0.025316
609 2597 3584 -0.068408 0.020092
610 2597 7712 -0.694751 0.031730
611 2597 7769 -0.465947 0.033900
612 2597 7780 -0.255905 0.028789
613 2611 3584 -0.396377 0.035231
614 2611 7780 -0.246482 0.033207
615 2611 7840 -0.290231 0.024937
616 2620 2680 -0.331417 0.046508
617 2629 2856 -0.493117 0.049653
618 2629 2907 -0.652288 0.042520
619 2629 2926 -0.296184 0.028365
620 2629 6465 -0.104566 0.033989
621 2629 7780 -0.223621 0.029863
622 2645 2856 -0.132081 0.039405
623 2645 3584 0.152141 0.024404
624 2645 6352 -0.050811 0.044033
625 2645 6364 -0.406944 0.061535
626 2645 6419 -0.734595 0.075802
627 2645 6429 -0.476076 0.047149
628 2645 6454 -0.117105 0.040489
629 2645 6465 -0.422355 0.047098
630 2645 6489 0.095220 0.027704
631 2645 7712 -0.027986 0.029962
632 2645 7731 -0.261484 0.040915
633 2645 7769 -0.068889 0.031557
634 2645 7780 -0.751035 0.054863
635 2645 7797 -0.061542 0.024215
636 2645 7840 -0.175781 0.030003
637 2645 7857 -0.133143 0.026391
638 2666 6364 -0.459181 0.056613
639 2666 7780 -0.209835 0.036369
640 2666 7840 -0.193282 0.043369
641 2680 2796 -0.580089 0.111392
642 2680 2807 -0.069938 0.058051
643 2680 2841 -0.323739 0.074996
644 2680 2856 -0.435091 0.066018
645 2680 2907 -0.094850 0.040610
646 2680 6419 -0.219749 0.056408
647 2719 2774 -0.232160 0.131189
648 2719 2796 -0.829207 0.150138
649 2730 2807 -0.306142 0.146254
650 2741 2807 -0.338191 0.044143
651 2755 2826 -0.432836 0.046813
652 2774 2841 -0.440719 0.048181
653 2774 2856 -0.017951 0.026895
654 2796 2856 -0.445939 0.046282
655 2807 2878 -0.445054 0.041101
656 2826 2890 -0.429370 0.035579
657 2826 2943 0.064069 0.025381
658 2841 2907 -0.416820 0.036600
659 2856 2926 -0.449612 0.033435
660 2856 2943 -0.025913 0.018523
661 2856 6465 -0.080590 0.046308
662 2878 2943 -0.451015 0.030150
663 2890 2967 -0.413102 0.024957
664 2907 2983 -0.458379 0.022005
665 2926 3002 -0.436281 0.025015
666 2926 6465 -0.048752 0.036340
667 2926 7587 -0.057474 0.024705
668 2926 7657 -0.308884 0.028881
669 2943 3014 -0.406911 0.028958
670 2943 7587 -0.006142 0.022748
671 2967 3036 -0.420766 0.020418
672 2983 3055 -0.439503 0.023727
673 2983 7657 -0.277483 0.022742
674 2983 7712 -0.362927 0.026173
675 3002 3069 -0.428752 0.023850
676 3002 7587 -0.713075 0.043191
677 3002 7604 -0.053253 0.021908
678 3002 7657 -0.252800 0.023199
679 3014 3081 -0.432450 0.025286
680 3014 7587 -0.063172 0.021882
681 3036 3095 -0.418219 0.020911
682 3055 3114 -0.418129 0.023131
683 3055 3396 -0.312960 0.022161
684 3055 7570 -0.492548 0.048532
685 3055 7587 -0.623443 0.035456
686 3055 7604 -0.056633 0.017084
687 3055 7647 -0.852961 0.036979
688 3069 3133 -0.469018 0.023672
689 3069 7519 -0.378327 0.030442
690 3069 7570 -0.289372 0.042656
691 3069 7587 -0.317488 0.025643
692 3081 3150 -0.433698 0.022292
693 3095 3169 -0.426085 0.023844
694 3095 3372 -0.173663 0.019474
695 3095 3396 -0.526076 0.026299
696 3095 3442 -0.342111 0.023280
697 3095 7570 -0.178629 0.025877
698 3114 3186 -0.479904 0.024196
699 3114 3321 -0.584099 0.031426
700 3114 3338 -0.197755 0.043844
701 3114 3372 -0.085798 0.020599
702 3114 3396 -0.420664 0.025283
703 3114 7519 -0.219047 0.028002
704 3114 7570 -0.659240 0.042457
705 3133 3196 -0.475688 0.027829
706 3133 3321 -0.059366 0.019264
707 3133 7570 0.023990 0.024231
708 3150 3218 -0.435490 0.025857
709 3150 3372 -0.042042 0.019306
710 3169 3235 -0.779219 0.036717
711 3169 3304 -0.334571 0.022411
712 3169 3321 -0.818509 0.038758
713 3169 3338 -0.106265 0.022859
714 3169 3372 -0.582854 0.028938
715 3169 3396 -0.338750 0.023212
716 3186 3235 -0.425238 0.029360
717 3186 3321 -0.477546 0.028977
718 3218 3372 -0.091987 0.023428
719 3235 3304 -0.933110 0.038617
720 3235 3321 -0.699555 0.030193
721 3235 3372 -0.431777 0.024180
722 3254 3321 -0.366519 0.021101
723 3268 3338 -0.387192 0.040144
724 3268 7500 -0.322269 0.043960
725 3287 3355 -0.477515 0.025370
726 3287 3372 -0.046746 0.015578
727 3287 7301 -0.377612 0.030668
728 3287 7346 -0.217063 0.028045
729 3304 3372 -0.526751 0.025633
730 3321 3396 -0.452928 0.024287
731 3321 7570 -0.308410 0.043663
732 3338 3415 -0.432802 0.029790
733 3338 7287 -0.494046 0.047554
734 3338 7301 -0.287539 0.041687
735 3338 7327 -0.178930 0.025597
736 3338 7346 -0.658743 0.041857
737 3338 7365 0.024846 0.023983
738 3338 7553 -0.308684 0.042754
739 3338 7570 -0.446453 0.099078
740 3338 7628 -0.456110 0.051366
741 3355 3425 -0.453558 0.025961
742 3355 7158 -0.058049 0.024685
743 3355 7175 -0.006442 0.022615
744 3355 7234 -0.713958 0.043584
745 3355 7246 -0.063575 0.021817
746 3355 7287 -0.620363 0.035900
747 3355 7301 -0.316416 0.025721
748 3372 3442 -0.460232 0.022642
749 3372 3461 -0.032093 0.013431
750 3372 7234 -0.053667 0.021947
751 3372 7287 -0.055732 0.017296
752 3396 3461 -0.466312 0.021054
753 3396 7570 -0.452045 0.051694
754 3396 7628 -0.422853 0.033520
755 3396 7647 -0.436561 0.027501
756 3396 7693 -0.207380 0.020462
757 3415 3480 -0.509219 0.025684
758 3415 7287 -0.851582 0.036916
759 3415 7628 -0.435827 0.027433
760 3415 7693 -0.508499 0.026381
761 3425 3499 -0.344229 0.024802
762 3425 7158 -0.308317 0.028638
763 3425 7215 -0.276588 0.022891
764 3425 7234 -0.252672 0.023329
765 3442 3518 -0.252885 0.022028
766 3461 7628 -0.207264 0.020411
767 3461 7647 -0.507864 0.026480
768 3461 7693 -0.883105 0.045959
769 3461 7712 -0.479433 0.028742
770 3461 7750 -0.217631 0.022262
771 3480 3548 -0.265941 0.030819
772 3480 6753 -0.353912 0.022521
773 3480 6829 -0.695655 0.031707
774 3480 6877 -0.028050 0.030250
775 3480 7215 -0.363415 0.026102
776 3480 7693 -0.479367 0.028741
777 3480 7750 -0.340524 0.025249
778 3499 3565 -0.459590 0.023710
779 3499 6877 -0.261757 0.041388
780 3518 3584 -0.445682 0.024262
781 3518 7693 -0.217308 0.022269
782 3518 7712 -0.339793 0.025264
783 3518 7750 -0.222458 0.027480
784 3518 7769 -0.730518 0.048459
785 3518 7816 -0.131280 0.020520
786 3537 3608 -0.404978 0.026525
787 3537 6829 -0.466303 0.033935
788 3537 6877 -0.067915 0.031709
789 3537 7750 -0.732240 0.048279
790 3537 7769 -0.713820 0.046876
791 3537 7816 -0.766768 0.037156
792 3548 3625 -0.439558 0.025125
793 3548 6829 -0.255428 0.028758
794 3548 6843 -0.246277 0.033305
795 3548 6861 -0.224448 0.030173
796 3548 6877 -0.748991 0.055868
797 3548 6898 -0.210164 0.036318
798 3548 7816 -0.236993 0.025564
799 3565 3642 -0.457896 0.024177
800 3565 6877 -0.060729 0.024505
801 3565 7816 -0.089990 0.021453
802 3584 3653 -0.420743 0.023382
803 3584 3667 -0.008619 0.013805
804 3584 7750 -0.131579 0.020513
805 3584 7769 -0.767406 0.037268
806 3584 7780 -0.237323 0.025546
807 3584 7797 -0.090558 0.021416
808 3584 7816 -0.759518 0.043980
809 3584 7840 -0.620807 0.035698
810 3584 7857 -0.003371 0.018911
811 3584 7874 -0.041582 0.022971
812 3584 7885 -0.239011 0.026979
813 3584 7899 0.101852 0.019985
814 3608 3667 -0.432585 0.024231
815 3608 5621 -0.167190 0.026728
816 3608 6843 -0.289399 0.024855
817 3608 6877 -0.174647 0.030269
818 3608 6898 -0.194241 0.043755
819 3608 7816 -0.620648 0.035889
820 3608 7840 -0.174190 0.024199
821 3608 7885 -0.425818 0.029782
822 3608 8342 0.052625 0.046851
823 3625 3687 -0.413499 0.022420
824 3625 6877 -0.131598 0.026627
825 3625 7816 -0.003370 0.018945
826 3642 3696 -0.465831 0.025999
827 3642 7816 -0.041835 0.023024
828 3653 3713 -0.413281 0.027892
829 3653 7816 -0.238800 0.026917
830 3653 7840 -0.425131 0.029274
831 3653 7885 -0.922288 0.045870
832 3653 7899 -0.260124 0.034671
833 3653 7945 -0.158419 0.033517
834 3667 3728 -0.447214 0.026252
835 3667 7816 0.102677 0.019840
836 3667 7885 -0.258839 0.034675
837 3667 8359 0.049591 0.087396
838 3667 8383 -0.118229 0.386623
839 3687 3745 -0.550403 0.026395
840 3687 3764 -0.151870 0.018156
841 3696 3764 -0.454008 0.029572
842 3696 4052 -0.070486 0.027588
843 3696 4069 -0.340838 0.036495
844 3696 4110 -0.642610 0.070295
845 3696 4127 -0.089981 0.101837
846 3713 3785 -0.429592 0.028645
847 3713 4110 -0.091562 0.051086
848 3713 4127 0.051602 0.118276
849 3713 7885 -0.156952 0.033351
850 3713 7945 -0.283576 0.060519
851 3713 8359 0.046358 0.105312
852 3713 8383 -0.054866 0.424489
853 3728 3796 -0.419980 0.026813
854 3745 3813 -0.421309 0.027734
855 3745 3928 -0.216618 0.033619
856 3745 3999 -0.196820 0.036046
857 3745 4069 -0.489773 0.040849
858 3764 3835 -0.446359 0.028803
859 3764 3846 -0.025120 0.018520
860 3764 4069 -0.482904 0.042641
861 3764 4088 -0.075848 0.047460
862 3764 4110 -0.252596 0.057762
863 3764 4127 -0.301620 0.160565
864 3785 3846 -0.472788 0.034069
865 3796 3868 -0.165606 0.022477
866 3796 3882 -0.808355 0.052260
867 3796 3898 -0.503659 0.081325
868 3796 3928 -0.178877 0.038857
869 3813 3882 -0.249195 0.030336
870 3813 3917 -0.105401 0.058387
871 3813 3928 -0.541214 0.049396
872 3813 4018 -0.255935 0.033501
873 3813 4069 -0.385597 0.038551
874 3813 4127 0.083190 0.127435
875 3928 3999 -0.739723 0.065856
876 3928 4018 -0.714484 0.059975
877 3928 4069 -0.361291 0.039497
878 3947 4018 -0.390652 0.029749
879 3947 4037 -0.091067 0.026240
880 3947 4052 -0.041541 0.026961
881 3947 8532 -0.071696 0.032426
882 3968 4037 -0.441842 0.037048
883 3968 8510 -0.130306 0.093282
884 3968 8532 -0.535825 0.045512
885 3980 4052 -0.433808 0.029164
886 3980 8532 -0.724260 0.059786
887 3980 8551 -0.385053 0.041990
888 3980 8611 -0.244909 0.031174
889 3999 4069 -0.479640 0.032640
890 4018 4088 -0.489400 0.033288
891 4037 4100 -0.414714 0.042848
892 4037 8471 -0.224450 0.207867
893 4037 8493 -0.529498 0.148017
894 4037 8510 -0.356199 0.097207
895 4037 8532 -0.568170 0.056001
896 4037 8551 -0.495929 0.056131
897 4037 8587 0.070798 0.026101
898 4052 4110 -0.271781 0.086548
899 4052 8493 -0.082779 0.089984
900 4052 8551 -0.309444 0.039414
901 4069 4127 -0.252298 0.160346
902 4088 8471 -0.169901 0.265454
903 4100 8493 -0.301765 0.127607
904 4110 7840 0.051776 0.045466
905 4127 6298 -0.003643 0.099547
906 4127 7899 0.050423 0.086391
907 4127 7945 0.047511 0.103074
908 4151 6256 -0.192165 0.431755
909 4151 6298 -0.416365 0.444179
910 4151 6313 -0.000225 0.355055
911 4151 7899 -0.117252 0.387329
912 4151 7945 -0.044754 0.423502
913 4170 6298 -0.346674 0.381505
914 4239 4299 -0.316243 0.269765
915 4239 4318 -0.222746 0.297446
916 4256 4318 -0.358999 0.177347
917 4256 4340 -0.065335 0.071128
918 4271 4340 -0.432848 0.098958
919 4282 4364 -0.436833 0.086345
920 4299 4375 -0.417886 0.114874
921 4318 4397 -0.200721 0.338041
922 4340 4419 -0.282380 0.362937
923 4340 4433 0.012751 0.200344
924 4397 5425 -0.340228 0.437553
925 4419 4473 -0.361688 0.252835
926 4419 5425 -0.401046 0.437949
927 4419 7122 -0.301619 0.410809
928 4419 7175 -0.039255 0.273033
929 4433 7175 -0.098460 0.114377
930 4444 4503 -0.291351 0.052556
931 4463 5371 -0.969896 0.045910
932 4463 5380 -0.972866 0.051998
933 4463 7175 -0.169707 0.028785
934 4463 7199 -0.588281 0.049004
935 4463 7246 -0.367745 0.045596
936 4473 7122 -0.173101 0.038577
937 4473 7175 -0.537963 0.035429
938 4473 7199 -0.365415 0.033474
939 4473 7246 -0.478581 0.047228
940 4503 4558 -0.882957 0.042630
941 4503 4575 -0.776662 0.043424
942 4503 5371 -0.502238 0.030442
943 4503 7246 -0.389672 0.037454
944 4522 4575 -0.372110 0.020665
945 4536 7301 -0.497968 0.039251
946 4536 7313 -0.798371 0.042079
947 4536 7365 -0.987473 0.043372
948 4546 4608 -0.451199 0.029002
949 4546 7365 -0.263424 0.030120
950 4546 7428 -0.092179 0.036452
951 4558 4619 -0.474387 0.023861
952 4575 4629 -0.442211 0.022471
953 4575 5371 -0.460479 0.031111
954 4575 6690 -0.217550 0.022671
955 4575 7246 -0.442147 0.037707
956 4575 7268 -0.382468 0.026595
957 4575 7301 -0.202239 0.024350
958 4575 7313 -0.788745 0.032720
959 4575 7365 -0.153965 0.022121
960 4592 4648 -0.490799 0.023283
961 4592 6624 -0.645016 0.039795
962 4592 7313 -0.490751 0.024507
963 4592 7365 -0.207341 0.028093
964 4592 7382 -0.364148 0.028451
965 4608 4667 -0.494548 0.028617
966 4619 5328 -0.318117 0.029852
967 4619 5371 -0.618841 0.036430
968 4629 4689 -0.297930 0.023820
969 4629 5272 -0.057453 0.020129
970 4629 5328 -0.181413 0.024250
971 4629 5352 -0.358868 0.025663
972 4629 5371 -0.286889 0.025663
973 4629 6654 -0.086640 0.017387
974 4629 6674 -0.949230 0.038698
975 4629 6690 -0.425668 0.024002
976 4629 6720 -0.241811 0.021199
977 4629 6742 -0.533738 0.028969
978 4648 6624 -0.355073 0.030863
979 4648 6654 -0.039708 0.021232
980 4648 6674 -0.549965 0.030201
981 4667 5328 -0.304175 0.032803
982 4679 5272 -0.615325 0.034520
983 4679 5328 -0.998116 0.043218
984 4689 5272 -0.349090 0.027307
985 4689 5328 -0.096122 0.021396
986 4689 5816 0.021730 0.021635
987 4689 6654 -0.103128 0.023840
988 4689 6674 -0.471356 0.029021
989 4689 6720 -0.147117 0.023113
990 4707 5155 -0.318864 0.028145
991 4707 5205 -0.912492 0.042578
992 4707 5222 -0.430006 0.033662
993 4707 5258 -0.331968 0.031954
994 4707 5272 -0.742905 0.044695
995 4707 5328 -0.057772 0.024920
996 4721 5205 -0.450323 0.037616
997 4721 5272 -0.027500 0.020888
998 4732 5816 0.034435 0.027529
999 4732 5840 -0.373465 0.038973
1000 4732 6038 -0.438295 0.033074
1001 4751 5090 -0.456191 0.029505
1002 4751 5131 -0.581008 0.031074
1003 4751 5155 -0.507152 0.032042
1004 4751 5205 -0.302645 0.026148
1005 4751 6005 -0.081920 0.022198
1006 4751 6025 -0.501994 0.031345
1007 4770 5090 -0.160633 0.023360
1008 4770 5131 -0.056534 0.022099
1009 4770 6005 -0.014430 0.020005
1010 4770 6025 -0.653412 0.034014
1011 4770 6038 -0.525071 0.035959
1012 4770 6049 -0.627698 0.043325
1013 4770 6063 -0.238125 0.024180
1014 4791 5024 -0.602802 0.039568
1015 4791 5090 -0.635519 0.043521
1016 4791 5131 -0.068310 0.025102
1017 4791 6005 -0.464493 0.029928
1018 4791 6025 -0.906637 0.045307
1019 4791 6049 -0.588101 0.033587
1020 4791 6063 -0.923638 0.046125
1021 4802 4878 0.067308 0.056848
1022 4802 5024 -0.439773 0.043830
1023 4802 5076 -0.537567 0.052189
1024 4802 5090 -0.244639 0.033729
1025 4802 5131 -0.078189 0.032511
1026 4817 4878 -0.143687 0.047288
1027 4817 4916 -0.060050 0.034447
1028 4817 4972 -0.088235 0.039992
1029 4817 4983 -0.042952 0.032931
1030 4817 5024 -0.566630 0.036939
1031 4817 5076 -0.037434 0.027024
1032 4817 5090 -0.107122 0.026158
1033 4817 6005 -0.133266 0.023811
1034 4817 6025 -0.318846 0.033230
1035 4817 6049 -0.628174 0.047342
1036 4817 6063 -0.719120 0.047400
1037 4817 6082 -0.045340 0.027824
1038 4878 4972 -0.410384 0.068007
1039 4916 4972 -0.526590 0.054993
1040 4916 4983 -0.689916 0.062989
1041 4916 5000 0.002232 0.028045
1042 4916 5024 -0.151965 0.029720
1043 4916 6101 -0.100833 0.039684
1044 4916 6170 -0.434163 0.065028
1045 4916 6216 -0.704440 0.084414
1046 4916 6227 -0.121032 0.036761
1047 4936 4983 -0.405461 0.030113
1048 4947 5000 -0.465191 0.031600
1049 4947 6216 -0.531017 0.056040
1050 4947 6227 -0.681043 0.045560
1051 4947 6243 -0.396514 0.048138
1052 4947 6265 -0.126186 0.028822
1053 4947 8028 -0.147886 0.038078
1054 4947 8078 -0.071305 0.037060
1055 4947 8114 -0.528497 0.048126
1056 4962 8114 -0.583880 0.051537
1057 4972 5024 -0.426374 0.028764
1058 4983 5043 -0.444355 0.026147
1059 4983 6101 -0.181656 0.035780
1060 4983 6170 -0.279393 0.040443
1061 4983 6216 -0.683431 0.087839
1062 4983 6227 -0.615692 0.041887
1063 4983 6265 -0.235543 0.037605
1064 5000 5062 -0.532526 0.025742
1065 5000 6227 -0.528967 0.034140
1066 5000 6265 -0.182504 0.029111
1067 5000 7977 -0.135993 0.028292
1068 5000 8028 -0.568327 0.041472
1069 5000 8114 -0.630819 0.039913
1070 5000 8130 -0.882930 0.065437
1071 5015 5076 -0.600639 0.027476
1072 5015 8130 -0.748755 0.054509
1073 5024 5090 -0.455306 0.026167
1074 5024 6005 -0.249052 0.025475
1075 5024 6063 -0.421994 0.031588
1076 5043 5109 -0.474271 0.023679
1077 5043 6005 -0.404475 0.032128
1078 5043 6063 -0.170238 0.024819
1079 5043 6265 -0.141387 0.029043
1080 5062 5119 -0.471308 0.026614
1081 5062 8028 -0.203881 0.031989
1082 5062 8130 -0.576166 0.051411
1083 5062 8160 -0.538973 0.042574
1084 5062 8179 -0.363853 0.047338
1085 5062 8231 -0.486314 0.035844
1086 5076 5131 -0.400056 0.027748
1087 5076 8179 -0.274862 0.035644
1088 5090 5155 -0.485172 0.024766
1089 5090 6005 -0.495136 0.028589
1090 5090 6025 -0.493149 0.029586
1091 5090 6063 -0.308340 0.026959
1092 5109 5170 -0.454185 0.028783
1093 5109 5642 -0.138536 0.022734
1094 5109 5719 -0.506647 0.029780
1095 5109 8179 -0.150912 0.034521
1096 5109 8231 -0.457277 0.044250
1097 5119 8179 -0.861086 0.059247
1098 5119 8212 -0.526753 0.043494
1099 5119 8231 -0.699700 0.085527
1100 5131 5205 -0.321299 0.031728
1101 5131 5222 -0.018468 0.015477
1102 5131 8179 -0.109866 0.028387
1103 5131 8212 -0.035046 0.027309
1104 5155 5222 -0.521252 0.026204
1105 5155 5272 -0.039096 0.016220
1106 5155 5642 -0.089425 0.021979
1107 5155 5719 -0.501238 0.032113
1108 5170 5239 -0.418331 0.028500
1109 5170 5272 0.021296 0.015198
1110 5170 5642 -0.463791 0.028400
1111 5170 5719 -0.237609 0.029550
1112 5170 8179 -0.144892 0.027965
1113 5170 8212 -0.568266 0.041134
1114 5170 8231 -0.380230 0.051263
1115 5170 8284 -0.380299 0.034075
1116 5189 5258 -0.348836 0.034787
1117 5189 5272 -0.017078 0.015733
1118 5189 8212 -0.294511 0.034272
1119 5189 8843 -0.391200 0.036894
1120 5205 5272 -0.487537 0.024149
1121 5222 5296 -0.474390 0.023296
1122 5222 5587 -0.300670 0.025904
1123 5222 5642 -0.430408 0.028499
1124 5222 5700 -0.525234 0.028643
1125 5222 5719 -0.294670 0.024643
1126 5222 6791 -0.113580 0.019329
1127 5239 5306 -0.370468 0.029116
1128 5239 5587 -0.393947 0.027927
1129 5239 5642 -0.111312 0.025193
1130 5239 8783 -0.359261 0.033442
1131 5239 8843 -0.747256 0.041432
1132 5239 8862 -0.474640 0.031193
1133 5258 5328 -0.349975 0.030008
1134 5258 8921 -0.280088 0.375201
1135 5272 5352 -0.352153 0.021826
1136 5272 5389 -0.066565 0.015622
1137 5272 5587 0.014754 0.017665
1138 5272 5642 0.103838 0.019363
1139 5272 5700 -0.180542 0.020589
1140 5272 6674 -0.029908 0.017217
1141 5272 6720 -0.166062 0.021050
1142 5272 6742 -0.068009 0.019296
1143 5272 6791 -0.146109 0.018282
1144 5296 5389 -0.607464 0.030985
1145 5296 5518 -0.327308 0.021005
1146 5296 5587 -0.518806 0.028188
1147 5296 6791 -0.517513 0.026291
1148 5306 5389 -0.443983 0.028491
1149 5306 5409 -0.595383 0.035176
1150 5306 5518 -0.205222 0.024031
1151 5306 8862 -0.359574 0.036708
1152 5306 8898 -0.095945 0.059404
1153 5328 5389 -0.257712 0.019719
1154 5328 5409 -0.180211 0.021985
1155 5352 6742 -0.668725 0.034960
1156 5352 6791 -0.496564 0.028779
1157 5352 6810 -0.278999 0.024694
1158 5371 7199 -0.431655 0.034876
1159 5371 7246 -0.281073 0.032632
1160 5380 7122 -0.328155 0.029177
1161 5380 7175 -0.091226 0.023606
1162 5380 7199 -0.645357 0.036469
1163 5389 5518 -0.416658 0.024272
1164 5389 5568 -0.281196 0.023731
1165 5389 5587 -0.076621 0.019033
1166 5389 6742 -0.170638 0.021665
1167 5389 6791 -0.360300 0.025986
1168 5389 6810 -0.303929 0.027339
1169 5389 7139 -0.095222 0.021971
1170 5389 7199 -0.205570 0.023306
1171 5389 8862 -0.022112 0.023361
1172 5409 5518 -0.295162 0.026537
1173 5425 7073 -0.133685 0.046118
1174 5425 7122 -0.472807 0.045787
1175 5437 5506 -0.884146 0.045910
1176 5437 5518 -0.661951 0.030745
1177 5437 5568 -0.315843 0.022161
1178 5437 7073 -0.532491 0.066115
1179 5437 7122 -0.345936 0.036745
1180 5437 7139 -0.303221 0.022897
1181 5456 5518 -0.364994 0.021531
1182 5456 7006 -0.287178 0.075994
1183 5456 7073 -0.408368 0.052249
1184 5470 5535 -0.450906 0.028608
1185 5470 8802 -0.401738 0.058248
1186 5470 8862 -0.477219 0.037373
1187 5470 8881 -0.365150 0.047985
1188 5489 5551 -0.440183 0.028352
1189 5489 6912 -0.085174 0.052791
1190 5489 7073 -0.070858 0.046147
1191 5489 8725 -0.081373 0.067186
1192 5489 8802 -0.103097 0.051630
1193 5506 5568 -0.455067 0.028094
1194 5506 6912 -0.370525 0.065412
1195 5506 7073 -0.616298 0.067421
1196 5506 7088 -0.102913 0.034702
1197 5518 5587 -0.429525 0.023628
1198 5518 8802 -0.103901 0.036649
1199 5518 8862 -0.594406 0.038400
1200 5535 5606 -0.493048 0.026052
1201 5535 8725 -0.596935 0.079453
1202 5535 8783 -0.578024 0.041414
1203 5535 8802 -0.488354 0.065083
1204 5535 8862 -0.406227 0.032371
1205 5551 5621 -0.441064 0.025522
1206 5551 6852 -0.444843 0.030503
1207 5551 6898 -0.297918 0.031380
1208 5551 6912 -0.414984 0.051395
1209 5551 6932 -0.212416 0.152788
1210 5551 8725 -0.056494 0.051638
1211 5568 5632 -0.514886 0.026035
1212 5568 5642 -0.060875 0.015843
1213 5568 6791 -0.515696 0.026526
1214 5568 6810 -0.411885 0.025338
1215 5568 6843 -0.327147 0.027859
1216 5568 6852 -0.578251 0.037003
1217 5568 6861 -0.286902 0.033652
1218 5568 6912 -0.088623 0.033384
1219 5568 7139 -0.207452 0.023331
1220 5587 5642 -0.578945 0.027997
1221 5587 6791 -0.297429 0.021045
1222 5587 8284 -0.228304 0.031334
1223 5587 8783 -0.418876 0.031073
1224 5587 8862 -0.242475 0.025743
1225 5606 8269 -0.183029 0.050215
1226 5606 8284 -0.465806 0.045189
1227 5606 8332 -0.945008 0.055823
1228 5606 8342 -0.309364 0.064748
1229 5606 8725 -0.244947 0.071955
1230 5606 8783 -0.304030 0.037302
1231 5621 6843 -0.790308 0.051363
1232 5621 6852 -0.973297 0.042891
1233 5621 6877 -0.057474 0.027522
1234 5621 6898 -0.442660 0.047077
1235 5621 8342 -0.202907 0.068286
1236 5632 5700 -0.620156 0.028103
1237 5632 6772 -0.640479 0.028370
1238 5632 6791 -0.678914 0.035642
1239 5632 6843 -0.906251 0.046053
1240 5632 7816 -0.069679 0.023321
1241 5642 5719 -0.425314 0.022299
1242 5642 5738 -0.026931 0.013601
1243 5642 6772 -0.017120 0.016544
1244 5642 6791 -0.087472 0.020424
1245 5642 6843 -0.073417 0.019488
1246 5642 7874 -0.142812 0.020233
1247 5642 7928 -0.038164 0.021963
1248 5642 8212 -0.034116 0.023835
1249 5642 8231 -0.092368 0.026682
1250 5642 8269 0.020822 0.026125
1251 5642 8284 -0.629713 0.042458
1252 5642 8301 -0.056523 0.029670
1253 5642 8332 -0.126736 0.033174
1254 5642 8342 -0.052392 0.061224
1255 5642 8783 -0.080112 0.026236
1256 5666 5738 -0.483680 0.022051
1257 5666 7816 -0.022399 0.019760
1258 5666 7857 -0.187005 0.023102
1259 5666 7874 -0.806658 0.043158
1260 5666 7919 -0.441293 0.026779
1261 5666 7928 -0.524903 0.034071
1262 5666 7977 -0.239226 0.026034
1263 5666 8284 -0.240332 0.027584
1264 5685 5755 -0.458494 0.023741
1265 5685 6720 -0.131033 0.019551
1266 5685 6772 -0.721736 0.029391
1267 5685 6843 -0.532168 0.027524
1268 5685 7797 -0.643040 0.029562
1269 5685 7816 -0.444716 0.028921
1270 5685 7857 -0.256478 0.023986
1271 5685 7874 -0.822351 0.036536
1272 5700 6720 -0.492811 0.025426
1273 5700 6772 -0.545185 0.026467
1274 5700 6791 -0.452443 0.024542
1275 5719 5781 -0.466721 0.022974
1276 5719 6005 -0.029015 0.019910
1277 5738 5800 -0.470886 0.023041
1278 5738 5816 -0.037922 0.012999
1279 5738 6313 -0.119980 0.027166
1280 5738 6364 -0.107345 0.022605
1281 5738 6381 -0.427918 0.024864
1282 5738 6429 -0.243136 0.021547
1283 5738 7797 -0.520603 0.030818
1284 5738 7816 -0.033881 0.018516
1285 5738 7857 -0.590422 0.033768
1286 5738 7874 -0.500295 0.034277
1287 5755 5816 -0.473126 0.022217
1288 5755 6489 -0.113618 0.018787
1289 5755 6654 -0.290105 0.025226
1290 5755 6701 -0.447802 0.025526
1291 5755 6720 -0.568283 0.032019
1292 5755 6772 -0.443695 0.024175
1293 5755 7797 -0.552239 0.031619
1294 5772 5840 -0.520241 0.026798
1295 5772 6654 -0.255442 0.020487
1296 5772 6720 -0.353272 0.025209
1297 5781 5864 -0.487117 0.022349
1298 5781 5967 -0.475768 0.025373
1299 5781 5986 -0.323217 0.023994
1300 5781 6005 -0.435318 0.024388
1301 5781 6381 -0.439602 0.025631
1302 5800 5875 -0.334113 0.031930
1303 5800 6381 -0.501774 0.031243
1304 5800 6429 -0.742508 0.032920
1305 5800 6443 -0.753804 0.039290
1306 5800 6465 -0.145590 0.021679
1307 5800 6489 -0.521327 0.031397
1308 5800 6654 -0.091789 0.024010
1309 5816 5892 -0.023635 0.025005
1310 5816 5986 -0.079166 0.019535
1311 5816 6429 -0.036397 0.018069
1312 5816 6443 -0.220986 0.026919
1313 5816 6489 -0.388177 0.029091
1314 5816 6509 0.029548 0.022239
1315 5816 6581 -0.306126 0.028645
1316 5816 6615 -0.279763 0.025166
1317 5816 6639 -0.011497 0.018496
1318 5816 6654 -0.666314 0.035773
1319 5816 6674 -0.073910 0.019030
1320 5816 6701 -0.115778 0.020531
1321 5816 6720 -0.197576 0.023806
1322 5840 5907 -0.224158 0.029601
1323 5840 5945 0.022724 0.024465
1324 5840 5967 -0.194364 0.031275
1325 5840 5986 -0.822959 0.047193
1326 5840 6005 -0.222244 0.031889
1327 5840 6025 -0.152397 0.027833
1328 5840 6038 -0.127721 0.029374
1329 5840 6082 -0.029438 0.027408
1330 5840 6443 -0.138343 0.024652
1331 5840 6489 0.033209 0.018483
1332 5840 6509 0.181083 0.021934
1333 5840 6654 0.002402 0.019857
1334 5864 5945 -0.444955 0.026458
1335 5864 5967 -0.700289 0.030010
1336 5864 5986 -0.777425 0.037399
1337 5864 6443 -0.831497 0.049935
1338 5864 6489 -0.171102 0.023934
1339 5864 6509 -0.109141 0.030084
1340 5875 5986 -0.128794 0.020483
1341 5875 6443 -0.585774 0.051548
1342 5875 6465 -0.036157 0.025896
1343 5875 6489 -0.675952 0.047133
1344 5875 6509 -0.692443 0.065198
1345 5875 6581 -0.367780 0.034724
1346 5875 6654 -0.088998 0.027710
1347 5892 5945 -0.036658 0.022201
1348 5892 6509 -0.264360 0.045566
1349 5907 5967 -0.281591 0.025338
1350 5907 5986 -0.632513 0.038144
1351 5907 6082 -0.430640 0.032701
1352 5907 6443 -0.240772 0.028411
1353 5907 6509 -0.049230 0.028147
1354 5927 6509 -0.312157 0.044972
1355 5936 6132 -0.370810 0.054228
1356 5936 6400 -0.610129 0.039429
1357 5945 6082 -0.636522 0.032964
1358 5945 6101 -0.440116 0.029257
1359 5945 6120 -0.674583 0.053097
1360 5945 6132 -0.177955 0.035770
1361 5945 6170 -0.098009 0.031648
1362 5945 6400 -0.237493 0.022942
1363 5945 6443 -0.134291 0.024365
1364 5967 6082 -0.325062 0.022222
1365 5967 6101 -0.672109 0.043036
1366 5967 6132 -0.164882 0.034084
1367 5967 6332 -0.426854 0.028934
1368 5967 6381 -0.534356 0.025229
1369 5967 6400 -0.408602 0.025622
1370 5986 6063 -0.271840 0.024053
1371 5986 6082 -0.614420 0.038914
1372 5986 6101 -0.188040 0.020787
1373 6005 6063 -0.827024 0.038064
1374 6005 6082 -0.304952 0.023769
1375 6005 6101 -0.443587 0.029988
1376 6101 6170 -0.817691 0.054452
1377 6101 6185 -0.451163 0.042558
1378 6101 6332 -0.279297 0.025750
1379 6120 6332 -0.164431 0.033192
1380 6132 6194 -0.265141 0.048197
1381 6132 6265 -0.011669 0.037423
1382 6132 6282 -0.451061 0.052936
1383 6132 6298 0.026900 0.036559
1384 6132 6332 -0.648722 0.064705
1385 6132 6352 -0.412153 0.044482
1386 6132 6381 -0.047088 0.033733
1387 6132 6400 -0.450348 0.047168
1388 6156 6332 -0.087461 0.030041
1389 6170 6265 -0.085381 0.033369
1390 6170 6332 -0.183544 0.038677
1391 6185 6265 -0.712418 0.058511
1392 6185 6282 -0.692773 0.075919
1393 6185 6332 -0.663118 0.057927
1394 6194 6265 -0.283489 0.032529
1395 6194 6282 -0.701224 0.059888
1396 6194 6332 -0.154385 0.029590
1397 6216 6265 -0.291049 0.038141
1398 6227 8028 -0.266453 0.033213
1399 6243 7960 -0.132864 0.026886
1400 6243 8028 -0.182101 0.046444
1401 6243 8078 -0.196595 0.048623
1402 6256 7960 -0.465691 0.037658
1403 6265 6332 -0.493466 0.032046
1404 6265 7960 -0.414318 0.041520
1405 6265 8028 -0.111552 0.030749
1406 6282 6352 -0.447040 0.029859
1407 6298 6364 -0.376743 0.031341
1408 6298 7899 -0.342943 0.043599
1409 6298 7960 -0.180906 0.039532
1410 6313 6381 -0.454993 0.025691
1411 6313 7857 -0.410712 0.046317
1412 6313 7899 -0.537649 0.047727
1413 6313 7919 -0.601004 0.043989
1414 6313 7960 -0.488446 0.037027
1415 6332 6400 -0.498956 0.027913
1416 6352 6419 -0.461805 0.025932
1417 6364 6429 -0.438629 0.025707
1418 6364 7780 -0.300210 0.030165
1419 6364 7840 -0.281422 0.027210
1420 6364 7857 -0.710898 0.038682
1421 6364 7899 -0.327825 0.034256
1422 6381 6443 -0.442465 0.026188
1423 6381 7857 -0.415014 0.030483
1424 6400 6454 -0.441584 0.026506
1425 6419 6465 -0.427568 0.025480
1426 6429 6489 -0.426649 0.024827
1427 6429 6509 -0.024435 0.016257
1428 6429 7731 -0.393979 0.030072
1429 6429 7780 -0.443725 0.032546
1430 6429 7797 -0.380687 0.026650
1431 6429 7857 -0.337641 0.024724
1432 6443 6509 -0.443543 0.029079
1433 6454 6533 -0.460954 0.028371
1434 6465 6550 -0.460232 0.025970
1435 6465 6581 -0.166167 0.020344
1436 6465 7657 -0.130473 0.023254
1437 6465 7731 -0.451455 0.036730
1438 6465 7780 -0.180658 0.025953
1439 6489 6567 -0.191016 0.019581
1440 6489 6581 -0.849746 0.038444
1441 6489 6639 -0.064214 0.019012
1442 6489 6654 -0.208613 0.024765
1443 6489 6701 -0.029975 0.018927
1444 6489 7674 -0.041693 0.020547
1445 6489 7731 -0.236826 0.024043
1446 6509 6581 -0.279454 0.023861
1447 6550 6639 -0.130916 0.020512
1448 6550 7604 -0.251115 0.025161
1449 6550 7657 -0.420710 0.029381
1450 6550 7674 -0.266686 0.028040
1451 6550 7731 -0.152898 0.024181
1452 6581 6639 -0.594096 0.027372
1453 6581 6654 -0.527084 0.028200
1454 6581 6701 -0.202325 0.020734
1455 6581 7674 -0.260914 0.023323
1456 6600 6654 -0.371109 0.020292
1457 6600 7382 -0.336713 0.028433
1458 6600 7604 0.043008 0.021945
1459 6624 6690 -0.380938 0.024049
1460 6624 7382 -0.647071 0.031584
1461 6624 7428 -0.082061 0.030437
1462 6639 6701 -0.463937 0.023273
1463 6639 6720 -0.030562 0.014257
1464 6639 7327 -0.421036 0.025215
1465 6639 7382 -0.467729 0.031607
1466 6639 7401 -0.191988 0.024377
1467 6639 7604 -0.139056 0.019171
1468 6639 7674 -0.435140 0.025185
1469 6654 6720 -0.453053 0.024983
1470 6654 7674 -0.039172 0.017478
1471 6674 6742 -0.436497 0.024497
1472 6690 6753 -0.454490 0.022530
1473 6690 7268 -0.627981 0.027307
1474 6690 7313 -0.528239 0.027320
1475 6690 7327 -0.654206 0.028235
1476 6690 7382 -0.291084 0.022530
1477 6701 6772 -0.422340 0.021075
1478 6701 7327 -0.186262 0.019833
1479 6701 7674 -0.479693 0.022057
1480 6701 7693 -0.208004 0.020514
1481 6701 7731 -0.238768 0.026794
1482 6701 7750 -0.370564 0.025749
1483 6720 6791 -0.385492 0.022461
1484 6742 6810 -0.443634 0.026205
1485 6742 7268 -0.550810 0.029202
1486 6753 6829 -0.621066 0.027388
1487 6753 7215 -0.452322 0.023463
1488 6753 7268 -0.555876 0.027312
1489 6753 7693 -0.280302 0.020569
1490 6753 7750 -0.380416 0.021889
1491 6772 6843 -0.586392 0.029553
1492 6772 7750 -0.458648 0.026430
1493 6772 7797 -0.367168 0.022859
1494 6772 7816 -0.181894 0.021842
1495 6810 6861 -0.410531 0.037465
1496 6810 7139 -0.650997 0.029991
1497 6810 7199 -0.497553 0.027168
1498 6810 7215 -0.595428 0.027662
1499 6810 7268 -0.257222 0.020413
1500 6829 6877 -0.156931 0.031777
1501 6829 7215 -0.461489 0.025649
1502 6829 7750 -0.294711 0.025522
1503 6829 7816 -0.067379 0.020220
1504 6843 7816 -0.395615 0.035370
1505 6852 6912 -0.331461 0.047538
1506 6861 7088 -0.493056 0.050624
1507 6861 7139 -0.652112 0.042967
1508 6861 7158 -0.295659 0.028632
1509 6877 7088 -0.131173 0.040392
1510 6877 7816 0.153274 0.024726
1511 6912 7028 -0.577694 0.114468
1512 6912 7039 -0.069150 0.058812
1513 6912 7073 -0.318765 0.077445
1514 6912 7088 -0.430465 0.066075
1515 6912 7139 -0.093224 0.040948
1516 6951 7006 -0.235264 0.128211
1517 6951 7028 -0.828027 0.151252
1518 6962 7039 -0.304922 0.148238
1519 6973 7039 -0.338067 0.044789
1520 6987 7058 -0.432882 0.046932
1521 7006 7073 -0.440057 0.048324
1522 7006 7088 -0.017978 0.027028
1523 7028 7088 -0.445565 0.046535
1524 7039 7110 -0.443173 0.041203
1525 7058 7122 -0.429791 0.035731
1526 7058 7175 0.063960 0.025361
1527 7073 7139 -0.417005 0.036865
1528 7088 7158 -0.448719 0.033501
1529 7088 7175 -0.026024 0.018533
1530 7110 7175 -0.450774 0.030119
1531 7122 7199 -0.413176 0.024957
1532 7139 7215 -0.458034 0.022153
1533 7158 7234 -0.435631 0.024982
1534 7175 7246 -0.407299 0.028782
1535 7199 7268 -0.420977 0.020450
1536 7215 7287 -0.438971 0.023695
1537 7234 7301 -0.428235 0.023881
1538 7246 7313 -0.431814 0.025306
1539 7268 7327 -0.418605 0.020969
1540 7287 7346 -0.418221 0.023230
1541 7287 7628 -0.312993 0.022309
1542 7301 7365 -0.468893 0.023740
1543 7313 7382 -0.433869 0.022402
1544 7327 7401 -0.425618 0.023967
1545 7327 7604 -0.173861 0.019624
1546 7327 7628 -0.525314 0.026376
1547 7327 7674 -0.342056 0.023345
1548 7346 7418 -0.480994 0.024246
1549 7346 7553 -0.584233 0.031717
1550 7346 7570 -0.197877 0.045463
1551 7346 7604 -0.087698 0.020807
1552 7346 7628 -0.421558 0.025309
1553 7365 7428 -0.475466 0.027828
1554 7365 7553 -0.059232 0.019322
1555 7382 7450 -0.434614 0.025885
1556 7382 7604 -0.041912 0.019472
1557 7401 7467 -0.776893 0.036810
1558 7401 7536 -0.333265 0.022503
1559 7401 7553 -0.818239 0.038867
1560 7401 7570 -0.105200 0.023548
1561 7401 7604 -0.584183 0.029055
1562 7401 7628 -0.338090 0.023248
1563 7418 7467 -0.425328 0.029572
1564 7418 7553 -0.477973 0.029243
1565 7450 7604 -0.091234 0.023660
1566 7467 7536 -0.933232 0.038878
1567 7467 7553 -0.700305 0.030261
1568 7467 7604 -0.431980 0.024272
1569 7486 7553 -0.366171 0.021248
1570 7500 7570 -0.387819 0.040596
1571 7519 7587 -0.478401 0.025352
1572 7519 7604 -0.046899 0.015587
1573 7536 7604 -0.524639 0.025577
1574 7553 7628 -0.453391 0.024209
1575 7570 7647 -0.432711 0.029786
1576 7587 7657 -0.454820 0.025753
1577 7604 7674 -0.460081 0.022689
1578 7604 7693 -0.032565 0.013399
1579 7628 7693 -0.466539 0.021086
1580 7647 7712 -0.508694 0.025682
1581 7657 7731 -0.343917 0.024799
1582 7674 7750 -0.252559 0.022174
1583 7712 7780 -0.265581 0.030992
1584 7731 7797 -0.459557 0.023728
1585 7750 7816 -0.445779 0.024272
1586 7769 7840 -0.405054 0.026532
1587 7780 7857 -0.439769 0.025127
1588 7797 7874 -0.459518 0.024032
1589 7816 7885 -0.421777 0.023503
1590 7816 7899 -0.009085 0.013879
1591 7840 7899 -0.433563 0.024203
1592 7857 7919 -0.413102 0.022595
1593 7874 7928 -0.465235 0.026191
1594 7885 7945 -0.413383 0.027777
1595 7899 7960 -0.447679 0.026276
1596 7919 7977 -0.550559 0.026428
1597 7919 7996 -0.152262 0.018220
1598 7928 7996 -0.453226 0.029681
1599 7928 8284 -0.071050 0.027918
1600 7928 8301 -0.340340 0.036985
1601 7928 8342 -0.637467 0.073547
1602 7928 8359 -0.088003 0.104732
1603 7945 8017 -0.428740 0.028665
1604 7945 8342 -0.090232 0.052569
1605 7945 8359 0.051947 0.123052
1606 7960 8028 -0.419115 0.027009
1607 7977 8045 -0.421816 0.027797
1608 7977 8160 -0.217385 0.033539
1609 7977 8231 -0.195880 0.036112
1610 7977 8301 -0.489249 0.041218
1611 7996 8067 -0.446195 0.028870
1612 7996 8078 -0.025438 0.018550
1613 7996 8301 -0.481408 0.043074
1614 7996 8320 -0.075291 0.048164
1615 7996 8342 -0.250479 0.059971
1616 7996 8359 -0.304260 0.163729
1617 8017 8078 -0.473233 0.033894
1618 8028 8100 -0.165901 0.022719
1619 8028 8114 -0.806734 0.052771
1620 8028 8130 -0.506137 0.081681
1621 8028 8160 -0.179761 0.038961
1622 8045 8114 -0.248436 0.030403
1623 8045 8149 -0.104868 0.058329
1624 8045 8160 -0.538864 0.049278
1625 8045 8250 -0.255265 0.033705
1626 8045 8301 -0.385981 0.039022
1627 8045 8359 0.086599 0.131956
1628 8160 8231 -0.738014 0.064506
1629 8160 8250 -0.713825 0.059762
1630 8160 8301 -0.362487 0.039462
1631 8179 8250 -0.390275 0.029817
1632 8179 8269 -0.090623 0.026336
1633 8179 8284 -0.040704 0.026929
1634 8179 8764 -0.071667 0.032467
1635 8200 8269 -0.441547 0.037415
1636 8200 8742 -0.130514 0.093997
1637 8200 8764 -0.536200 0.045863
1638 8212 8284 -0.434883 0.029447
1639 8212 8764 -0.724182 0.059221
1640 8212 8783 -0.385932 0.042308
1641 8212 8843 -0.245566 0.031154
1642 8231 8301 -0.479266 0.032755
1643 8250 8320 -0.489149 0.033507
1644 8269 8332 -0.414189 0.043704
1645 8269 8703 -0.227748 0.204882
1646 8269 8725 -0.532640 0.148326
1647 8269 8742 -0.355553 0.094564
1648 8269 8764 -0.567606 0.055664
1649 8269 8783 -0.496424 0.056961
1650 8269 8819 0.070486 0.026255
1651 8284 8342 -0.270546 0.090797
1652 8284 8725 -0.085864 0.088869
1653 8284 8783 -0.308035 0.039648
1654 8301 8359 -0.247226 0.166480
1655 8320 8703 -0.183964 0.273434
1656 8332 8725 -0.304489 0.128516
1657 8471 8570 -0.079981 0.090003
1658 8493 8570 -0.622870 0.115724
1659 8493 8587 -0.069170 0.047534
1660 8510 8587 -0.433019 0.052225
1661 8532 8611 -0.467550 0.032968
1662 8551 8630 -0.465473 0.032623
1663 8570 8649 -0.442717 0.047568
1664 8587 8666 -0.427669 0.065049
1665 8703 8802 -0.081244 0.090852
1666 8725 8802 -0.620040 0.117206
1667 8725 8819 -0.070038 0.047705
1668 8742 8819 -0.434148 0.051990
1669 8764 8843 -0.467576 0.032961
1670 8783 8862 -0.463102 0.032998
1671 8802 8881 -0.441451 0.047829
1672 8819 8898 -0.425896 0.065412
